mode: set
github.com/katieblackabee/sentinel/internal/alerter/email.go:17.59,19.2 1 1
github.com/katieblackabee/sentinel/internal/alerter/email.go:21.48,40.29 5 0
github.com/katieblackabee/sentinel/internal/alerter/email.go:40.29,42.3 1 0
github.com/katieblackabee/sentinel/internal/alerter/email.go:44.2,44.22 1 0
github.com/katieblackabee/sentinel/internal/alerter/email.go:44.22,46.3 1 0
github.com/katieblackabee/sentinel/internal/alerter/email.go:48.2,48.91 1 0
github.com/katieblackabee/sentinel/internal/alerter/email.go:51.82,55.16 2 0
github.com/katieblackabee/sentinel/internal/alerter/email.go:55.16,58.3 1 0
github.com/katieblackabee/sentinel/internal/alerter/email.go:59.2,62.16 3 0
github.com/katieblackabee/sentinel/internal/alerter/email.go:62.16,64.3 1 0
github.com/katieblackabee/sentinel/internal/alerter/email.go:65.2,67.17 2 0
github.com/katieblackabee/sentinel/internal/alerter/email.go:67.17,68.43 1 0
github.com/katieblackabee/sentinel/internal/alerter/email.go:68.43,70.4 1 0
github.com/katieblackabee/sentinel/internal/alerter/email.go:73.2,73.58 1 0
github.com/katieblackabee/sentinel/internal/alerter/email.go:73.58,75.3 1 0
github.com/katieblackabee/sentinel/internal/alerter/email.go:77.2,77.42 1 0
github.com/katieblackabee/sentinel/internal/alerter/email.go:77.42,78.41 1 0
github.com/katieblackabee/sentinel/internal/alerter/email.go:78.41,80.4 1 0
github.com/katieblackabee/sentinel/internal/alerter/email.go:83.2,84.16 2 0
github.com/katieblackabee/sentinel/internal/alerter/email.go:84.16,86.3 1 0
github.com/katieblackabee/sentinel/internal/alerter/email.go:88.2,89.16 2 0
github.com/katieblackabee/sentinel/internal/alerter/email.go:89.16,91.3 1 0
github.com/katieblackabee/sentinel/internal/alerter/email.go:93.2,94.16 2 0
github.com/katieblackabee/sentinel/internal/alerter/email.go:94.16,96.3 1 0
github.com/katieblackabee/sentinel/internal/alerter/email.go:98.2,98.22 1 0
github.com/katieblackabee/sentinel/internal/alerter/email.go:101.87,103.16 2 0
github.com/katieblackabee/sentinel/internal/alerter/email.go:103.16,105.3 1 0
github.com/katieblackabee/sentinel/internal/alerter/email.go:106.2,109.47 2 0
github.com/katieblackabee/sentinel/internal/alerter/email.go:109.47,111.49 2 0
github.com/katieblackabee/sentinel/internal/alerter/email.go:111.49,113.4 1 0
github.com/katieblackabee/sentinel/internal/alerter/email.go:116.2,116.17 1 0
github.com/katieblackabee/sentinel/internal/alerter/email.go:116.17,117.43 1 0
github.com/katieblackabee/sentinel/internal/alerter/email.go:117.43,119.4 1 0
github.com/katieblackabee/sentinel/internal/alerter/email.go:122.2,122.58 1 0
github.com/katieblackabee/sentinel/internal/alerter/email.go:122.58,124.3 1 0
github.com/katieblackabee/sentinel/internal/alerter/email.go:126.2,126.42 1 0
github.com/katieblackabee/sentinel/internal/alerter/email.go:126.42,127.41 1 0
github.com/katieblackabee/sentinel/internal/alerter/email.go:127.41,129.4 1 0
github.com/katieblackabee/sentinel/internal/alerter/email.go:132.2,133.16 2 0
github.com/katieblackabee/sentinel/internal/alerter/email.go:133.16,135.3 1 0
github.com/katieblackabee/sentinel/internal/alerter/email.go:137.2,138.16 2 0
github.com/katieblackabee/sentinel/internal/alerter/email.go:138.16,140.3 1 0
github.com/katieblackabee/sentinel/internal/alerter/email.go:142.2,143.16 2 0
github.com/katieblackabee/sentinel/internal/alerter/email.go:143.16,145.3 1 0
github.com/katieblackabee/sentinel/internal/alerter/email.go:147.2,147.22 1 0
github.com/katieblackabee/sentinel/internal/alerter/email.go:150.71,151.26 1 1
github.com/katieblackabee/sentinel/internal/alerter/email.go:151.26,153.3 1 1
github.com/katieblackabee/sentinel/internal/alerter/email.go:154.2,154.36 1 1
github.com/katieblackabee/sentinel/internal/alerter/email.go:157.75,175.2 3 1
github.com/katieblackabee/sentinel/internal/alerter/email.go:177.79,181.27 3 1
github.com/katieblackabee/sentinel/internal/alerter/email.go:181.27,183.3 1 1
github.com/katieblackabee/sentinel/internal/alerter/email.go:185.2,199.22 2 1
github.com/katieblackabee/sentinel/internal/alerter/manager.go:25.75,31.23 2 1
github.com/katieblackabee/sentinel/internal/alerter/manager.go:31.23,33.3 1 1
github.com/katieblackabee/sentinel/internal/alerter/manager.go:35.2,35.10 1 1
github.com/katieblackabee/sentinel/internal/alerter/manager.go:38.106,48.2 2 1
github.com/katieblackabee/sentinel/internal/alerter/manager.go:50.93,51.36 1 1
github.com/katieblackabee/sentinel/internal/alerter/manager.go:51.36,53.3 1 1
github.com/katieblackabee/sentinel/internal/alerter/manager.go:55.2,62.27 2 1
github.com/katieblackabee/sentinel/internal/alerter/manager.go:65.49,67.31 1 1
github.com/katieblackabee/sentinel/internal/alerter/manager.go:67.31,69.3 1 0
github.com/katieblackabee/sentinel/internal/alerter/manager.go:71.2,74.20 2 1
github.com/katieblackabee/sentinel/internal/alerter/manager.go:74.20,75.45 1 0
github.com/katieblackabee/sentinel/internal/alerter/manager.go:75.45,78.4 2 0
github.com/katieblackabee/sentinel/internal/alerter/manager.go:78.9,80.4 1 0
github.com/katieblackabee/sentinel/internal/alerter/manager.go:83.2,83.16 1 1
github.com/katieblackabee/sentinel/internal/alerter/manager.go:86.54,87.27 1 1
github.com/katieblackabee/sentinel/internal/alerter/manager.go:87.27,89.3 1 1
github.com/katieblackabee/sentinel/internal/alerter/manager.go:92.2,96.16 3 1
github.com/katieblackabee/sentinel/internal/alerter/manager.go:96.16,98.3 1 0
github.com/katieblackabee/sentinel/internal/alerter/manager.go:100.2,100.43 1 1
github.com/katieblackabee/sentinel/internal/alerter/manager.go:100.43,101.46 1 1
github.com/katieblackabee/sentinel/internal/alerter/manager.go:101.46,103.4 1 1
github.com/katieblackabee/sentinel/internal/alerter/manager.go:106.2,106.13 1 1
github.com/katieblackabee/sentinel/internal/alerter/manager.go:109.87,110.27 1 1
github.com/katieblackabee/sentinel/internal/alerter/manager.go:110.27,112.3 1 1
github.com/katieblackabee/sentinel/internal/alerter/manager.go:114.2,121.48 2 1
github.com/katieblackabee/sentinel/internal/alerter/manager.go:121.48,123.3 1 0
